[    0.000000] Linux version 4.15.0-117-generic (buildd@lcy01-amd64-008) (gcc version 7.5.0 (Ubuntu 7.5.0-3ubuntu1~18.04)) #118-Ubuntu SMP Fri Sep 4 20:02:41 UTC 2020 (Ubuntu 4.15.0-117.118-generic 4.15.18)
[    0.000000] Command line: BOOT_IMAGE=/boot/vmlinuz-4.15.0-117-generic root=LABEL=cloudimg-rootfs ro console=tty1 console=ttyS0
[    0.000000] KERNEL supported cpus:
[    0.000000]   Intel GenuineIntel
[    0.000000]   AMD AuthenticAMD
[    0.000000]   Centaur CentaurHauls
[    0.000000] x86/fpu: Supporting XSAVE feature 0x001: 'x87 floating point registers'
[    0.000000] x86/fpu: Supporting XSAVE feature 0x002: 'SSE registers'
[    0.000000] x86/fpu: Supporting XSAVE feature 0x004: 'AVX registers'
[    0.000000] x86/fpu: xstate_offset[2]:  576, xstate_sizes[2]:  256
[    0.000000] x86/fpu: Enabled xstate features 0x7, context size is 832 bytes, using 'standard' format.
[    0.000000] e820: BIOS-provided physical RAM map:
[    0.000000] BIOS-e820: [mem 0x0000000000000000-0x000000000009fbff] usable
[    0.000000] BIOS-e820: [mem 0x000000000009fc00-0x000000000009ffff] reserved
[    0.000000] BIOS-e820: [mem 0x00000000000f0000-0x00000000000fffff] reserved
[    0.000000] BIOS-e820: [mem 0x0000000000100000-0x000000003ffeffff] usable
[    0.000000] BIOS-e820: [mem 0x000000003fff0000-0x000000003fffffff] ACPI data
[    0.000000] BIOS-e820: [mem 0x00000000fec00000-0x00000000fec00fff] reserved
[    0.000000] BIOS-e820: [mem 0x00000000fee00000-0x00000000fee00fff] reserved
[    0.000000] BIOS-e820: [mem 0x00000000fffc0000-0x00000000ffffffff] reserved
[    0.000000] NX (Execute Disable) protection: active
[    0.000000] SMBIOS 2.5 present.
[    0.000000] DMI: innotek GmbH VirtualBox/VirtualBox, BIOS VirtualBox 12/01/2006
[    0.000000] Hypervisor detected: KVM
[    0.000000] e820: last_pfn = 0x3fff0 max_arch_pfn = 0x400000000
[    0.000000] MTRR: Disabled
[    0.000000] x86/PAT: MTRRs disabled, skipping PAT initialization too.
[    0.000000] CPU MTRRs all blank - virtualized system.
[    0.000000] x86/PAT: Configuration [0-7]: WB  WT  UC- UC  WB  WT  UC- UC  
[    0.000000] found SMP MP-table at [mem 0x0009fff0-0x0009ffff]
[    0.000000] Scanning 1 areas for low memory corruption
[    0.000000] RAMDISK: [mem 0x35a65000-0x36d29fff]
[    0.000000] ACPI: Early table checksum verification disabled
[    0.000000] ACPI: RSDP 0x00000000000E0000 000024 (v02 VBOX  )
[    0.000000] ACPI: XSDT 0x000000003FFF0030 00003C (v01 VBOX   VBOXXSDT 00000001 ASL  00000061)
[    0.000000] ACPI: FACP 0x000000003FFF00F0 0000F4 (v04 VBOX   VBOXFACP 00000001 ASL  00000061)
[    0.000000] ACPI: DSDT 0x000000003FFF0470 002325 (v02 VBOX   VBOXBIOS 00000002 INTL 20190509)
[    0.000000] ACPI: FACS 0x000000003FFF0200 000040
[    0.000000] ACPI: FACS 0x000000003FFF0200 000040
[    0.000000] ACPI: APIC 0x000000003FFF0240 000054 (v02 VBOX   VBOXAPIC 00000001 ASL  00000061)
[    0.000000] ACPI: SSDT 0x000000003FFF02A0 0001CC (v01 VBOX   VBOXCPUT 00000002 INTL 20190509)
[    0.000000] No NUMA configuration found
[    0.000000] Faking a node at [mem 0x0000000000000000-0x000000003ffeffff]
[    0.000000] NODE_DATA(0) allocated [mem 0x3ffc5000-0x3ffeffff]
[    0.000000] kvm-clock: cpu 0, msr 0:3ff44001, primary cpu clock
[    0.000000] kvm-clock: Using msrs 4b564d01 and 4b564d00
[    0.000000] kvm-clock: using sched offset of 3750039979 cycles
[    0.000000] clocksource: kvm-clock: mask: 0xffffffffffffffff max_cycles: 0x1cd42e4dffb, max_idle_ns: 881590591483 ns
[    0.000000] Zone ranges:
[    0.000000]   DMA      [mem 0x0000000000001000-0x0000000000ffffff]
[    0.000000]   DMA32    [mem 0x0000000001000000-0x000000003ffeffff]
[    0.000000]   Normal   empty
[    0.000000]   Device   empty
[    0.000000] Movable zone start for each node
[    0.000000] Early memory node ranges
[    0.000000]   node   0: [mem 0x0000000000001000-0x000000000009efff]
[    0.000000]   node   0: [mem 0x0000000000100000-0x000000003ffeffff]
[    0.000000] Reserved but unavailable: 98 pages
[    0.000000] Initmem setup node 0 [mem 0x0000000000001000-0x000000003ffeffff]
[    0.000000] ACPI: PM-Timer IO Port: 0x4008
[    0.000000] IOAPIC[0]: apic_id 1, version 32, address 0xfec00000, GSI 0-23
[    0.000000] ACPI: INT_SRC_OVR (bus 0 bus_irq 0 global_irq 2 dfl dfl)
[    0.000000] ACPI: INT_SRC_OVR (bus 0 bus_irq 9 global_irq 9 low level)
[    0.000000] Using ACPI (MADT) for SMP configuration information
[    0.000000] smpboot: Allowing 1 CPUs, 0 hotplug CPUs
[    0.000000] PM: Registered nosave memory: [mem 0x00000000-0x00000fff]
[    0.000000] PM: Registered nosave memory: [mem 0x0009f000-0x0009ffff]
[    0.000000] PM: Registered nosave memory: [mem 0x000a0000-0x000effff]
[    0.000000] PM: Registered nosave memory: [mem 0x000f0000-0x000fffff]
[    0.000000] e820: [mem 0x40000000-0xfebfffff] available for PCI devices
[    0.000000] Booting paravirtualized kernel on KVM
[    0.000000] clocksource: refined-jiffies: mask: 0xffffffff max_cycles: 0xffffffff, max_idle_ns: 7645519600211568 ns
[    0.000000] random: get_random_bytes called from start_kernel+0x99/0x500 with crng_init=0
[    0.000000] setup_percpu: NR_CPUS:8192 nr_cpumask_bits:1 nr_cpu_ids:1 nr_node_ids:1
[    0.000000] percpu: Embedded 45 pages/cpu s147456 r8192 d28672 u2097152
[    0.000000] PV qspinlock hash table entries: 256 (order: 0, 4096 bytes)
[    0.000000] Built 1 zonelists, mobility grouping on.  Total pages: 257913
[    0.000000] Policy zone: DMA32
[    0.000000] Kernel command line: BOOT_IMAGE=/boot/vmlinuz-4.15.0-117-generic root=LABEL=cloudimg-rootfs ro console=tty1 console=ttyS0
[    0.000000] Memory: 983208K/1048120K available (12300K kernel code, 2481K rwdata, 4272K rodata, 2436K init, 2724K bss, 64912K reserved, 0K cma-reserved)
[    0.000000] SLUB: HWalign=64, Order=0-3, MinObjects=0, CPUs=1, Nodes=1
[    0.000000] Kernel/User page tables isolation: enabled
[    0.000000] ftrace: allocating 39392 entries in 154 pages
[    0.004000] Hierarchical RCU implementation.
[    0.004000] 	RCU restricting CPUs from NR_CPUS=8192 to nr_cpu_ids=1.
[    0.004000] 	Tasks RCU enabled.
[    0.004000] RCU: Adjusting geometry for rcu_fanout_leaf=16, nr_cpu_ids=1
[    0.004000] NR_IRQS: 524544, nr_irqs: 256, preallocated irqs: 16
[    0.004000] Console: colour VGA+ 80x25
[    0.004000] console [tty1] enabled
[    0.004000] console [ttyS0] enabled
[    0.004000] ACPI: Core revision 20170831
[    0.004000] ACPI: 2 ACPI AML tables successfully acquired and loaded
[    0.004000] APIC: Switch to symmetric I/O mode setup
[    0.004000] x2apic enabled
[    0.004000] Switched APIC routing to physical x2apic.
[    0.004000] ..TIMER: vector=0x30 apic1=0 pin1=2 apic2=-1 pin2=-1
[    0.004005] tsc: Detected 2400.008 MHz processor
[    0.004764] Calibrating delay loop (skipped) preset value.. 4800.01 BogoMIPS (lpj=9600032)
[    0.005336] pid_max: default: 32768 minimum: 301
[    0.006127] Security Framework initialized
[    0.008002] Yama: becoming mindful.
[    0.008624] AppArmor: AppArmor initialized
[    0.010087] Dentry cache hash table entries: 131072 (order: 8, 1048576 bytes)
[    0.011310] Inode-cache hash table entries: 65536 (order: 7, 524288 bytes)
[    0.012020] Mount-cache hash table entries: 2048 (order: 2, 16384 bytes)
[    0.013170] Mountpoint-cache hash table entries: 2048 (order: 2, 16384 bytes)
[    0.014569] process: using mwait in idle threads
[    0.015338] Last level iTLB entries: 4KB 64, 2MB 8, 4MB 8
[    0.016002] Last level dTLB entries: 4KB 64, 2MB 0, 4MB 0, 1GB 4
[    0.016957] Spectre V1 : Mitigation: usercopy/swapgs barriers and __user pointer sanitization
[    0.018324] Spectre V2 : Mitigation: Full generic retpoline
[    0.019214] Spectre V2 : Spectre v2 / SpectreRSB mitigation: Filling RSB on context switch
[    0.020001] Speculative Store Bypass: Vulnerable
[    0.020807] SRBDS: Unknown: Dependent on hypervisor status
[    0.021723] MDS: Mitigation: Clear CPU buffers
[    0.040133] Freeing SMP alternatives memory: 36K
[    0.151454] smpboot: CPU0: Intel(R) Core(TM) i5-6200U CPU @ 2.30GHz (family: 0x6, model: 0x4e, stepping: 0x3)
[    0.152087] Performance Events: unsupported p6 CPU model 78 no PMU driver, software events only.
[    0.153536] Hierarchical SRCU implementation.
[    0.154953] NMI watchdog: Perf event create on CPU 0 failed with -2
[    0.155974] NMI watchdog: Perf NMI watchdog permanently disabled
[    0.156037] smp: Bringing up secondary CPUs ...
[    0.156881] smp: Brought up 1 node, 1 CPU
[    0.157551] smpboot: Max logical packages: 1
[    0.158273] smpboot: Total of 1 processors activated (4800.01 BogoMIPS)
[    0.160129] devtmpfs: initialized
[    0.160839] x86/mm: Memory block size: 128MB
[    0.161773] evm: security.selinux
[    0.162454] evm: security.SMACK64
[    0.163086] evm: security.SMACK64EXEC
[    0.164005] evm: security.SMACK64TRANSMUTE
[    0.164691] evm: security.SMACK64MMAP
[    0.165376] evm: security.apparmor
[    0.165961] evm: security.ima
[    0.166483] evm: security.capability
[    0.167204] clocksource: jiffies: mask: 0xffffffff max_cycles: 0xffffffff, max_idle_ns: 7645041785100000 ns
[    0.168007] futex hash table entries: 256 (order: 2, 16384 bytes)
[    0.169094] pinctrl core: initialized pinctrl subsystem
[    0.170150] RTC time: 18:11:48, date: 09/24/20
[    0.170986] NET: Registered protocol family 16
[    0.172082] audit: initializing netlink subsys (disabled)
[    0.173076] cpuidle: using governor ladder
[    0.173767] cpuidle: using governor menu
[    0.174472] ACPI: bus type PCI registered
[    0.176003] acpiphp: ACPI Hot Plug PCI Controller Driver version: 0.5
[    0.177026] audit: type=2000 audit(1600971112.855:1): state=initialized audit_enabled=0 res=1
[    0.178477] PCI: Using configuration type 1 for base access
[    0.180584] HugeTLB registered 2.00 MiB page size, pre-allocated 0 pages
[    0.182647] ACPI: Added _OSI(Module Device)
[    0.184007] ACPI: Added _OSI(Processor Device)
[    0.184757] ACPI: Added _OSI(3.0 _SCP Extensions)
[    0.185527] ACPI: Added _OSI(Processor Aggregator Device)
[    0.186404] ACPI: Added _OSI(Linux-Dell-Video)
[    0.187176] ACPI: Added _OSI(Linux-Lenovo-NV-HDMI-Audio)
[    0.188007] ACPI: Added _OSI(Linux-HPI-Hybrid-Graphics)
[    0.189129] ACPI: Executed 1 blocks of module-level executable AML code
[    0.193670] ACPI: Interpreter enabled
[    0.194460] ACPI: (supports S0 S5)
[    0.195110] ACPI: Using IOAPIC for interrupt routing
[    0.196000] PCI: Using host bridge windows from ACPI; if necessary, use "pci=nocrs" and report a bug
[    0.196187] ACPI: Enabled 2 GPEs in block 00 to 07
[    0.208892] ACPI: PCI Root Bridge [PCI0] (domain 0000 [bus 00-ff])
[    0.209924] acpi PNP0A03:00: _OSC: OS supports [ASPM ClockPM Segments MSI]
[    0.211507] acpi PNP0A03:00: _OSC: not requesting OS control; OS requires [ExtendedConfig ASPM ClockPM MSI]
[    0.212013] acpi PNP0A03:00: fail to add MMCONFIG information, can't access extended PCI configuration space under this bridge.
[    0.214175] PCI host bridge to bus 0000:00
[    0.214865] pci_bus 0000:00: root bus resource [io  0x0000-0x0cf7 window]
[    0.216003] pci_bus 0000:00: root bus resource [io  0x0d00-0xffff window]
[    0.217073] pci_bus 0000:00: root bus resource [mem 0x000a0000-0x000bffff window]
[    0.218287] pci_bus 0000:00: root bus resource [mem 0x40000000-0xfdffffff window]
[    0.220002] pci_bus 0000:00: root bus resource [bus 00-ff]
[    0.222637] pci 0000:00:01.1: legacy IDE quirk: reg 0x10: [io  0x01f0-0x01f7]
[    0.224003] pci 0000:00:01.1: legacy IDE quirk: reg 0x14: [io  0x03f6]
[    0.225191] pci 0000:00:01.1: legacy IDE quirk: reg 0x18: [io  0x0170-0x0177]
[    0.226940] pci 0000:00:01.1: legacy IDE quirk: reg 0x1c: [io  0x0376]
[    0.242388] pci 0000:00:07.0: quirk: [io  0x4000-0x403f] claimed by PIIX4 ACPI
[    0.243732] pci 0000:00:07.0: quirk: [io  0x4100-0x410f] claimed by PIIX4 SMB
[    0.253131] ACPI: PCI Interrupt Link [LNKA] (IRQs 5 9 10 *11)
[    0.254508] ACPI: PCI Interrupt Link [LNKB] (IRQs 5 9 *10 11)
[    0.255538] ACPI: PCI Interrupt Link [LNKC] (IRQs 5 *9 10 11)
[    0.256111] ACPI: PCI Interrupt Link [LNKD] (IRQs 5 9 10 *11)
[    0.257492] SCSI subsystem initialized
[    0.258310] pci 0000:00:02.0: vgaarb: setting as boot VGA device
[    0.259270] pci 0000:00:02.0: vgaarb: VGA device added: decodes=io+mem,owns=io+mem,locks=none
[    0.260005] pci 0000:00:02.0: vgaarb: bridge control possible
[    0.260924] vgaarb: loaded
[    0.261434] ACPI: bus type USB registered
[    0.262123] usbcore: registered new interface driver usbfs
[    0.264012] usbcore: registered new interface driver hub
[    0.264937] usbcore: registered new device driver usb
[    0.265832] EDAC MC: Ver: 3.0.0
[    0.266648] PCI: Using ACPI for IRQ routing
[    0.267615] NetLabel: Initializing
[    0.268002] NetLabel:  domain hash size = 128
[    0.268794] NetLabel:  protocols = UNLABELED CIPSOv4 CALIPSO
[    0.269757] NetLabel:  unlabeled traffic allowed by default
[    0.270794] clocksource: Switched to clocksource kvm-clock
[    0.280048] VFS: Disk quotas dquot_6.6.0
[    0.280920] VFS: Dquot-cache hash table entries: 512 (order 0, 4096 bytes)
[    0.282133] AppArmor: AppArmor Filesystem Enabled
[    0.282937] pnp: PnP ACPI init
[    0.284474] pnp: PnP ACPI: found 3 devices
[    0.290684] clocksource: acpi_pm: mask: 0xffffff max_cycles: 0xffffff, max_idle_ns: 2085701024 ns
[    0.292266] NET: Registered protocol family 2
[    0.293242] TCP established hash table entries: 8192 (order: 4, 65536 bytes)
[    0.294377] TCP bind hash table entries: 8192 (order: 5, 131072 bytes)
[    0.295427] TCP: Hash tables configured (established 8192 bind 8192)
[    0.296492] UDP hash table entries: 512 (order: 2, 16384 bytes)
[    0.297449] UDP-Lite hash table entries: 512 (order: 2, 16384 bytes)
[    0.298489] NET: Registered protocol family 1
[    0.299290] pci 0000:00:00.0: Limiting direct PCI/PCI transfers
[    0.300398] pci 0000:00:01.0: Activating ISA DMA hang workarounds
[    0.301468] pci 0000:00:02.0: Video device with shadowed ROM at [mem 0x000c0000-0x000dffff]
[    0.302968] Unpacking initramfs...
[    0.603814] Freeing initrd memory: 19220K
[    0.613462] clocksource: tsc: mask: 0xffffffffffffffff max_cycles: 0x22983f10a64, max_idle_ns: 440795218721 ns
[    0.615131] platform rtc_cmos: registered platform RTC device (no PNP device found)
[    0.616493] Scanning for low memory corruption every 60 seconds
[    0.618053] Initialise system trusted keyrings
[    0.619713] Key type blacklist registered
[    0.620801] workingset: timestamp_bits=36 max_order=18 bucket_order=0
[    0.625299] zbud: loaded
[    0.628138] squashfs: version 4.0 (2009/01/31) Phillip Lougher
[    0.630134] fuse init (API version 7.26)
[    0.632427] Key type asymmetric registered
[    0.633418] Asymmetric key parser 'x509' registered
[    0.634584] Block layer SCSI generic (bsg) driver version 0.4 loaded (major 246)
[    0.636313] io scheduler noop registered
[    0.637280] io scheduler deadline registered
[    0.638342] io scheduler cfq registered (default)
[    0.639695] ACPI: AC Adapter [AC] (on-line)
[    0.640796] input: Power Button as /devices/LNXSYSTM:00/LNXPWRBN:00/input/input0
[    0.642597] ACPI: Power Button [PWRF]
[    0.643598] input: Sleep Button as /devices/LNXSYSTM:00/LNXSLPBN:00/input/input1
[    0.645285] ACPI: Sleep Button [SLPF]
[    0.647508] ACPI: Battery Slot [BAT0] (battery present)
[    0.648873] Serial: 8250/16550 driver, 32 ports, IRQ sharing enabled
[    0.671372] 00:02: ttyS0 at I/O 0x3f8 (irq = 4, base_baud = 115200) is a 16550A
[    0.675165] Linux agpgart interface v0.103
[    0.677674] loop: module loaded
[    0.679170] scsi host0: ata_piix
[    0.680123] scsi host1: ata_piix
[    0.681257] ata1: PATA max UDMA/33 cmd 0x1f0 ctl 0x3f6 bmdma 0xd000 irq 14
[    0.682986] ata2: PATA max UDMA/33 cmd 0x170 ctl 0x376 bmdma 0xd008 irq 15
[    0.685095] libphy: Fixed MDIO Bus: probed
[    0.686184] tun: Universal TUN/TAP device driver, 1.6
[    0.687403] PPP generic driver version 2.4.2
[    0.688640] ehci_hcd: USB 2.0 'Enhanced' Host Controller (EHCI) Driver
[    0.690111] ehci-pci: EHCI PCI platform driver
[    0.691198] ehci-platform: EHCI generic platform driver
[    0.692554] ohci_hcd: USB 1.1 'Open' Host Controller (OHCI) Driver
[    0.694073] ohci-pci: OHCI PCI platform driver
[    0.695107] ohci-platform: OHCI generic platform driver
[    0.696415] uhci_hcd: USB Universal Host Controller Interface driver
[    0.698094] i8042: PNP: PS/2 Controller [PNP0303:PS2K,PNP0f03:PS2M] at 0x60,0x64 irq 1,12
[    0.700573] serio: i8042 KBD port at 0x60,0x64 irq 1
[    0.702028] serio: i8042 AUX port at 0x60,0x64 irq 12
[    0.703388] mousedev: PS/2 mouse device common for all mice
[    0.704556] input: AT Translated Set 2 keyboard as /devices/platform/i8042/serio0/input/input2
[    0.706326] rtc_cmos rtc_cmos: rtc core: registered rtc_cmos as rtc0
[    0.707407] rtc_cmos rtc_cmos: alarms up to one day, 114 bytes nvram
[    0.708495] i2c /dev entries driver
[    0.709158] device-mapper: uevent: version 1.0.3
[    0.709986] device-mapper: ioctl: 4.37.0-ioctl (2017-09-20) initialised: dm-devel@redhat.com
[    0.711359] ledtrig-cpu: registered to indicate activity on CPUs
[    0.712458] intel_pmc_core:  initialized
[    0.713354] NET: Registered protocol family 10
[    0.717769] Segment Routing with IPv6
[    0.718557] NET: Registered protocol family 17
[    0.719449] Key type dns_resolver registered
[    0.720419] mce: Using 0 MCE banks
[    0.721109] RAS: Correctable Errors collector initialized.
[    0.722146] sched_clock: Marking stable (720305818, 0)->(862115086, -141809268)
[    0.723493] registered taskstats version 1
[    0.724322] Loading compiled-in X.509 certificates
[    0.727179] Loaded X.509 cert 'Build time autogenerated kernel key: 993aedfcb7091aab7364eeb95e85a8dab512d887'
[    0.729123] zswap: loaded using pool lzo/zbud
[    0.732912] Key type big_key registered
[    0.733607] Key type trusted registered
[    0.735592] Key type encrypted registered
[    0.736416] AppArmor: AppArmor sha1 policy hashing enabled
[    0.737432] ima: No TPM chip found, activating TPM-bypass! (rc=-19)
[    0.738510] ima: Allocated hash algorithm: sha1
[    0.739269] evm: HMAC attrs: 0x1
[    0.740190]   Magic number: 4:349:191
[    0.740889] rtc_cmos rtc_cmos: setting system clock to 2020-09-24 18:11:48 UTC (1600971108)
[    0.742316] BIOS EDD facility v0.16 2004-Jun-25, 0 devices found
[    0.743329] EDD information not available.
[    0.880290] Freeing unused kernel image memory: 2436K
[    0.888162] Write protecting the kernel read-only data: 20480k
[    0.889975] Freeing unused kernel image memory: 2008K
[    0.891229] Freeing unused kernel image memory: 1872K
[    0.899926] x86/mm: Checked W+X mappings: passed, no W+X pages found.
[    0.901009] x86/mm: Checking user space page tables
[    0.909278] x86/mm: Checked W+X mappings: passed, no W+X pages found.
Loading, please wait...
starting version 237
[    1.016042] e1000: Intel(R) PRO/1000 Network Driver - version 7.3.21-k8-NAPI
[    1.017342] e1000: Copyright (c) 1999-2006 Intel Corporation.
[    1.022792] Fusion MPT base driver 3.04.20
[    1.023551] Copyright (c) 1999-2008 LSI Corporation
[    1.039694] Fusion MPT SPI Host driver 3.04.20
[    1.068000] AVX2 version of gcm_enc/dec engaged.
[    1.068953] AES CTR mode by8 optimization enabled
[    1.233443] input: ImExPS/2 Generic Explorer Mouse as /devices/platform/i8042/serio1/input/input4
[    1.432397] e1000 0000:00:03.0 eth0: (PCI:33MHz:32-bit) 02:aa:c1:7f:62:79
[    1.433673] e1000 0000:00:03.0 eth0: Intel(R) PRO/1000 Network Connection
[    1.435722] mptbase: ioc0: Initiating bringup
[    1.533052] ioc0: LSI53C1030 A0: Capabilities={Initiator}
[    1.777224] scsi host2: ioc0: LSI53C1030 A0, FwRev=00000000h, Ports=1, MaxQ=256, IRQ=20
[    1.946022] scsi 2:0:0:0: Direct-Access     VBOX     HARDDISK         1.0  PQ: 0 ANSI: 5
[    1.960721] scsi target2:0:0: Beginning Domain Validation
[    1.968900] scsi target2:0:0: Domain Validation skipping write tests
[    1.975133] scsi target2:0:0: Ending Domain Validation
[    1.978233] scsi target2:0:0: asynchronous
[    1.980054] random: fast init done
[    1.981678] scsi 2:0:1:0: Direct-Access     VBOX     HARDDISK         1.0  PQ: 0 ANSI: 5
[    1.984158] scsi target2:0:1: Beginning Domain Validation
[    1.986639] scsi target2:0:1: Domain Validation skipping write tests
[    1.988100] scsi target2:0:1: Ending Domain Validation
[    1.989426] scsi target2:0:1: asynchronous
[    2.014503] sd 2:0:0:0: [sda] 20971520 512-byte logical blocks: (10.7 GB/10.0 GiB)
[    2.015841] sd 2:0:0:0: [sda] Write Protect is off
[    2.016780] sd 2:0:0:0: Attached scsi generic sg0 type 0
[    2.017683] sd 2:0:0:0: [sda] Incomplete mode parameter data
[    2.018592] sd 2:0:0:0: [sda] Assuming drive cache: write through
[    2.019838] sd 2:0:1:0: [sdb] 20480 512-byte logical blocks: (10.5 MB/10.0 MiB)
[    2.021109] sd 2:0:1:0: [sdb] Write Protect is off
[    2.021997] sd 2:0:1:0: [sdb] Incomplete mode parameter data
[    2.022908] sd 2:0:1:0: [sdb] Assuming drive cache: write through
[    2.023884] sd 2:0:1:0: Attached scsi generic sg1 type 0
[    2.025441] random: systemd-udevd: uninitialized urandom read (16 bytes read)
[    2.026587] random: systemd-udevd: uninitialized urandom read (16 bytes read)
[    2.027760] random: systemd-udevd: uninitialized urandom read (16 bytes read)
[    2.038707]  sda: sda1
[    2.039675] sd 2:0:0:0: [sda] Attached SCSI disk
[    2.058240] sd 2:0:1:0: [sdb] Attached SCSI disk
[    2.364117] e1000 0000:00:08.0 eth1: (PCI:33MHz:32-bit) 08:00:27:0c:5f:4e
[    2.365336] e1000 0000:00:08.0 eth1: Intel(R) PRO/1000 Network Connection
[    2.367577] e1000 0000:00:08.0 enp0s8: renamed from eth1
[    2.370426] e1000 0000:00:03.0 enp0s3: renamed from eth0
Begin: Loading essential drivers ... [    3.829148] raid6: sse2x1   gen() 10123 MB/s
[    3.891720] raid6: sse2x1   xor()  7273 MB/s
[    3.956917] raid6: sse2x2   gen() 12722 MB/s
[    4.021043] raid6: sse2x2   xor()  6098 MB/s
[    4.081401] raid6: sse2x4   gen() 10718 MB/s
[    4.143849] raid6: sse2x4   xor()  8210 MB/s
[    4.195887] raid6: avx2x1   gen() 20099 MB/s
[    4.260435] raid6: avx2x1   xor() 14030 MB/s
[    4.325021] raid6: avx2x2   gen() 24030 MB/s
[    4.385050] raid6: avx2x2   xor() 15199 MB/s
[    4.449020] raid6: avx2x4   gen() 27978 MB/s
[    4.513082] raid6: avx2x4   xor() 16767 MB/s
[    4.513898] raid6: using algorithm avx2x4 gen() 27978 MB/s
[    4.514818] raid6: .... xor() 16767 MB/s, rmw enabled
[    4.515637] raid6: using avx2x2 recovery algorithm
[    4.518529] xor: automatically using best checksumming function   avx       
[    4.521345] async_tx: api initialized (async)
done.
Begin: Running /scripts/init-premount ... done.
Begin: Mounting root file system ... Begin: Running /scripts/local-top ... done.
Begin: Running /scripts/local-premount ... [    4.579671] Btrfs loaded, crc32c=crc32c-intel
Scanning for Btrfs filesystems
done.
Warning: fsck not present, so skipping root file system
[    4.629835] EXT4-fs (sda1): mounted filesystem with ordered data mode. Opts: (null)
done.
Begin: Running /scripts/local-bottom ... done.
Begin: Running /scripts/init-bottom ... done.
[    5.747028] ip_tables: (C) 2000-2006 Netfilter Core Team
[    5.859026] systemd[1]: systemd 237 running in system mode. (+PAM +AUDIT +SELINUX +IMA +APPARMOR +SMACK +SYSVINIT +UTMP +LIBCRYPTSETUP +GCRYPT +GNUTLS +ACL +XZ +LZ4 +SECCOMP +BLKID +ELFUTILS +KMOD -IDN2 +IDN -PCRE2 default-hierarchy=hybrid)
[    5.880602] systemd[1]: Detected virtualization oracle.
[    5.883121] systemd[1]: Detected architecture x86-64.

Welcome to [1mUbuntu 18.04.5 LTS[0m!

[    5.914840] systemd[1]: Set hostname to <ubuntu>.
[    5.957755] systemd[1]: Initializing machine ID from random generator.
[    5.963637] systemd[1]: Installed transient /etc/machine-id file.
[    6.896615] random: crng init done
[    6.900442] random: 7 urandom warning(s) missed due to ratelimiting
[    7.436851] systemd[1]: Reached target Swap.
[[0;32m  OK  [0m] Reached target Swap.
[    7.438594] systemd[1]: Set up automount Arbitrary Executable File Formats File System Automount Point.
[[0;32m  OK  [0m] Set up automount Arbitrary Executab…rmats File System Automount Point.
[    7.441234] systemd[1]: Reached target System Time Synchronized.
[[0;32m  OK  [0m] Reached target System Time Synchronized.
[    7.443517] systemd[1]: Created slice System Slice.
[[0;32m  OK  [0m] Created slice System Slice.
[[0;32m  OK  [0m] Listening on LVM2 poll daemon socket.
[[0;32m  OK  [0m] Listening on udev Kernel Socket.
[[0;32m  OK  [0m] Listening on Device-mapper event daemon FIFOs.
[[0;32m  OK  [0m] Listening on Journal Audit Socket.
[[0;32m  OK  [0m] Created slice system-serial\x2dgetty.slice.
[[0;32m  OK  [0m] Listening on Syslog Socket.
[[0;32m  OK  [0m] Listening on Journal Socket.
         Starting Remount Root and Kernel File Systems...
         Starting Load Kernel Modules...
         Starting Create list of required st…ce nodes for the current kernel...
         Starting Set the console keyboard layout...
[[0;32m  OK  [0m] Listening on LVM2 metadata daemon socket.
         Starting Monitoring of LVM2 mirrors…ng dmeventd or progress polling...
[[0;32m  OK  [0m] Listening on /dev/initctl Compatibility Named Pipe.
[[0;32m  OK  [0m] Listening on udev Control Socket.
         Starting udev Coldplug all Devices...
[[0;32m  OK  [0m] Reached target User and Group Name Lookups.
[[0;32m  OK  [0m] Created slice User and Session Slice.
[[0;32m  OK  [0m] Reached target Slices.
         Starting Uncomplicated firewall...
         Mounting Kernel Debug File System...
         Mounting Huge Pages File System...
         Mounting POSIX Message Queue File System...
[[0;32m  OK  [0m] Listening on Journal Socket (/dev/log).
         Starting Journal Service...
[[0;32m  OK  [0m] Listening on Network Service Netlink Socket.
[[0;32m  OK  [0m] Started Forward Password Requests to Wall Directory Watch.
[[0;32m  OK  [0m] Started Create list of required sta…vice nodes for the current kernel.
[[0;32m  OK  [0m] Started Uncomplicated firewall.
[    7.843537] Loading iSCSI transport class v2.0-870.
         Starting Create Static Device Nodes in /dev...
[[0;32m  OK  [0m] Mounted Huge Pages File System.
[[0;32m  OK  [0m] Mounted POSIX Message Queue File System.
[[0;32m  OK  [0m] Mounted Kernel Debug File System.
[[0;32m  OK  [0m] Started udev Coldplug all Devices.
[[0;32m  OK  [0m] Started Journal Service.
[    8.059165] EXT4-fs (sda1): re-mounted. Opts: (null)
[    8.071505] iscsi: registered transport (tcp)
[[0;32m  OK  [0m] Started Remount Root and Kernel File Systems.
         Starting Flush Journal to Persistent Storage...
         Starting Load/Save Random Seed...
[[0;32m  OK  [0m] Started Create Static Device Nodes in /dev.
         Starting udev Kernel Device Manager...
[    8.241061] systemd-journald[399]: Received request to flush runtime journal from PID 1
[[0;32m  OK  [0m] Started Set the console keyboard layout.
[[0;32m  OK  [0m] Started Load/Save Random Seed.
[[0;32m  OK  [0m] Started LVM2 metadata daemon.
[[0;32m  OK  [0m] Started Monitoring of LVM2 mirrors,…sing dmeventd or progress polling.
[[0;32m  OK  [0m] Reached target Local File Systems (Pre).
[[0;32m  OK  [0m] Reached target Local File Systems.
         Starting Commit a transient machine-id on disk...
         Starting AppArmor initialization...
         Starting ebtables ruleset management...
         Starting Tell Plymouth To Write Out Runtime Data...
         Starting Set console font and keymap...
[[0;32m  OK  [0m] Started udev Kernel Device Manager.
[[0;32m  OK  [0m] Started Dispatch Password Requests to Console Directory Watch.
[[0;32m  OK  [0m] Reached target Local Encrypted Volumes.
[[0;32m  OK  [0m] Started Flush Journal to Persistent Storage.
         Starting Create Volatile Files and Directories...
[    8.649072] iscsi: registered transport (iser)
[[0;32m  OK  [0m] Started Load Kernel Modules.
         Mounting Kernel Configuration File System...
         Mounting FUSE Control File System...
         Starting Apply Kernel Variables...
[[0;32m  OK  [0m] Mounted FUSE Control File System.
[[0;32m  OK  [0m] Mounted Kernel Configuration File System.
[[0;32m  OK  [0m] Started Tell Plymouth To Write Out Runtime Data.
[[0;32m  OK  [0m] Started Set console font and keymap.
[[0;32m  OK  [0m] Started Create Volatile Files and Directories.
         Starting Update UTMP about System Boot/Shutdown...
[[0;32m  OK  [0m] Started Update UTMP about System Boot/Shutdown.
[[0;32m  OK  [0m] Started Commit a transient machine-id on disk.
[[0;32m  OK  [0m] Started Apply Kernel Variables.
[[0;32m  OK  [0m] Started ebtables ruleset management.
[[0;32m  OK  [0m] Found device /dev/ttyS0.
[[0;32m  OK  [0m] Listening on Load/Save RF Kill Switch Status /dev/rfkill Watch.
[[0;32m  OK  [0m] Started AppArmor initialization.
         Starting Load AppArmor profiles managed internally by snapd...
         Starting Initial cloud-init job (pre-networking)...
[[0;32m  OK  [0m] Started Load AppArmor profiles managed internally by snapd.
[   15.177734] cloud-init[550]: Cloud-init v. 20.2-45-g5f7825e2-0ubuntu1~18.04.1 running 'init-local' at Thu, 24 Sep 2020 18:12:02 +0000. Up 14.63 seconds.
[[0;32m  OK  [0m] Started Initial cloud-init job (pre-networking).
[[0;32m  OK  [0m] Reached target Network (Pre).
         Starting Network Service...
[[0;32m  OK  [0m] Started Network Service.
         Starting Network Name Resolution...
         Starting Wait for Network to be Configured...
[[0;32m  OK  [0m] Started Network Name Resolution.
[[0;32m  OK  [0m] Reached target Network.
[[0;32m  OK  [0m] Reached target Host and Network Name Lookups.
[[0;32m  OK  [0m] Started Wait for Network to be Configured.
         Starting Initial cloud-init job (metadata service crawler)...
[   17.301916] cloud-init[666]: Cloud-init v. 20.2-45-g5f7825e2-0ubuntu1~18.04.1 running 'init' at Thu, 24 Sep 2020 18:12:04 +0000. Up 17.10 seconds.
[   17.306094] cloud-init[666]: ci-info: ++++++++++++++++++++++++++++++++++++++Net device info+++++++++++++++++++++++++++++++++++++++
[   17.311152] cloud-init[666]: ci-info: +--------+-------+----------------------------+---------------+--------+-------------------+
[   17.314535] cloud-init[666]: ci-info: | Device |   Up  |          Address           |      Mask     | Scope  |     Hw-Address    |
[   17.316256] cloud-init[666]: ci-info: +--------+-------+----------------------------+---------------+--------+-------------------+
[   17.317834] cloud-init[666]: ci-info: | enp0s3 |  True |         10.0.2.15          | 255.255.255.0 | global | 02:aa:c1:7f:62:79 |
[   17.319425] cloud-init[666]: ci-info: | enp0s3 |  True | fe80::aa:c1ff:fe7f:6279/64 |       .       |  link  | 02:aa:c1:7f:62:79 |
[   17.321998] cloud-init[666]: ci-info: | enp0s8 | False |             .              |       .       |   .    | 08:00:27:0c:5f:4e |
[   17.324690] cloud-init[666]: ci-info: |   lo   |  True |         127.0.0.1          |   255.0.0.0   |  host  |         .         |
[   17.326323] cloud-init[666]: ci-info: |   lo   |  True |          ::1/128           |       .       |  host  |         .         |
[   17.327755] cloud-init[666]: ci-info: +--------+-------+----------------------------+---------------+--------+-------------------+
[   17.332173] cloud-init[666]: ci-info: ++++++++++++++++++++++++++++Route IPv4 info+++++++++++++++++++++++++++++
[   17.336217] cloud-init[666]: ci-info: +-------+-------------+----------+-----------------+-----------+-------+
[   17.338203] cloud-init[666]: ci-info: | Route | Destination | Gateway  |     Genmask     | Interface | Flags |
[   17.340258] cloud-init[666]: ci-info: +-------+-------------+----------+-----------------+-----------+-------+
[   17.342004] cloud-init[666]: ci-info: |   0   |   0.0.0.0   | 10.0.2.2 |     0.0.0.0     |   enp0s3  |   UG  |
[   17.343379] cloud-init[666]: ci-info: |   1   |   10.0.2.0  | 0.0.0.0  |  255.255.255.0  |   enp0s3  |   U   |
[   17.344702] cloud-init[666]: ci-info: |   2   |   10.0.2.2  | 0.0.0.0  | 255.255.255.255 |   enp0s3  |   UH  |
[   17.345953] cloud-init[666]: ci-info: +-------+-------------+----------+-----------------+-----------+-------+
[   17.351235] cloud-init[666]: ci-info: +++++++++++++++++++Route IPv6 info+++++++++++++++++++
[   17.352726] cloud-init[666]: ci-info: +-------+-------------+---------+-----------+-------+
[   17.356930] cloud-init[666]: ci-info: | Route | Destination | Gateway | Interface | Flags |
[   17.358478] cloud-init[666]: ci-info: +-------+-------------+---------+-----------+-------+
[   17.362990] cloud-init[666]: ci-info: |   1   |  fe80::/64  |    ::   |   enp0s3  |   U   |
[   17.365005] cloud-init[666]: ci-info: |   3   |    local    |    ::   |   enp0s3  |   U   |
[   17.366500] cloud-init[666]: ci-info: |   4   |   ff00::/8  |    ::   |   enp0s3  |   U   |
[   17.367874] cloud-init[666]: ci-info: +-------+-------------+---------+-----------+-------+
[   19.401926] cloud-init[666]: Generating public/private rsa key pair.
[   19.403243] cloud-init[666]: Your identification has been saved in /etc/ssh/ssh_host_rsa_key.
[   19.404798] cloud-init[666]: Your public key has been saved in /etc/ssh/ssh_host_rsa_key.pub.
[   19.406339] cloud-init[666]: The key fingerprint is:
[   19.424048] cloud-init[666]: SHA256:TEAVWQoGnUKmVB3Cx5xh9IM6UfYcF06EU4C0JYege4s root@ubuntu-bionic
[   19.425758] cloud-init[666]: The key's randomart image is:
[   19.426872] cloud-init[666]: +---[RSA 2048]----+
[   19.444224] cloud-init[666]: |  .+B@#OBOB.     |
[   19.445160] cloud-init[666]: | . +o*@%+*       |
[   19.446043] cloud-init[666]: |  o .oo B..      |
[   19.446909] cloud-init[666]: |   . o o .       |
[   19.464009] cloud-init[666]: |  . +   S        |
[   19.465108] cloud-init[666]: |   o o           |
[[0;32m  OK  [0m] Started Initial cloud-init job (metadata service crawler).[   19.484543] cloud-init[666]: |  E .            |
[   19.485435] cloud-init[666]: |                 |
[   19.486396] cloud-init[666]: |                 |
[   19.487463] cloud-init[666]: 
[[0;32m  OK  [0m] Reached target Network is Online.
+----[SHA256]-----+
[   19.490580] cloud-init[666]: Generating public/private dsa key pair.
[   19.491877] cloud-init[666]: [[0;32m  OK  [0m] Reached target Remote File Systems (Pre).
[[0;32m  OK  [0m] Reached target Remote File Systems.
Your identification has been saved in /etc/ssh/ssh_host_dsa_key.         Starting Availability of block devices...
[[0;32m  OK  [0m] Reached target Cloud-config availability.
[[0;32m  OK  [0m
] Reached target System Initialization.
[[   19.508746] cloud-init[666]: Your public key has been saved in /etc/ssh/ssh_host_dsa_key.pub.
[   19.509840] cloud-init[666]: The key fingerprint is:
[   19.510858] cloud-init[666]: SHA256:d8C7DbFuc6IZUTKHT48IOmBlvPyTgNPmlFrdGMeLjxY root@ubuntu-bionic
[0;32m  OK  [0m] Listening on D-Bus System Message Bus Socket.
[[0;32m  OK  [0m] Listening on UUID daemon activation socket.
[[0;32m  OK  [0m] Started Daily Cleanup of Temporary Directories.
[[0;32m  OK  [0m] Listening on ACPID Listen Socket.
[[0;32m  OK  [0m] Listening on Open-iSCSI iscsid Socket.
[[0;32m  OK  [0m] Started Discard unused blocks once a week.
[   19.523285] cloud-init[666]: The key's randomart image is:
[   19.525661] cloud-init[666]: +---[DSA 1024]----+
         [   19.534023] cloud-init[666]: |   .o  .         |
[   19.534940] cloud-init[666]: |   o. . oo       |
[   19.535835] Starting LXD - unix socket.
[[0;32m  OK  [0m] Started ACPI Events Check.
[[0;32m  OK  [0m] Reached target Paths.
         Starting Socket activation for snappy daemon.
[[0;32m  OK  [0m] Started Message of the Day.cloud-init[666]: |  o+ +.*+.B      |
[   19.544800] cloud-init[666]: | .o.X.E.oO B     |
[   19.545736] cloud-init[666]: |   Boo =S B o    |
[   19.546371] cloud-init[666]: |  . ..* .+ =     |
[   19.547122] cloud-init[666]: |     . .. * o    |
[   19.547864] cloud-init
[[0;32m  OK  [0m] Started Daily apt download activities.
[[0;32m  OK  [0m] Started Daily apt upgrade and clean activities.
[[0;32m  OK  [0m] Reached target Timers.
[[0;32m  OK  [0m] Started Availability of block devices.
[[0;32m  OK  [0m] Listening on LXD - unix socket.
[[0;32m  OK  [0m] Listening on Socket activation for snappy daemon.
[[0;32m  OK  [0m] [666]: |         = +     |
[   19.561529] cloud-init[666]: |        o        |
[   19.562373] cloud-init[666]: +----[SHA256]-----+
[   19.563179] cloud-init[666]: Generating public/private ecdsa key pair.
[   19.563989] Reached target Sockets.
[[0;32m  OK  [0m] Reached target Basic System.
         Starting Virtualbox guest utils...
cloud-init[666]: Your identification has been saved in /etc/ssh/ssh_host_ecdsa_key.
[   19.574388] cloud-init[666]: Your public key has been saved in /etc/ssh/ssh_host_ecdsa_key.pub.
         [   19.580450] cloud-init[666]: The key fingerprint is:
[   19.581165] cloud-init[666]: SHA256:+IbfaQI7nnRrawUKN1+9cKJUHsEm82QGjPkmzrCwRSo root@ubuntu-bionic
[   19.582576] cloud-init[666]: The key's randomart image is:
[   19.583459] cloud-init[666]: +---[ECDSA 256]---+
Starting Dispatcher daemon for systemd-networkd...
         Starting LSB: automatic crash report generation...
         Starting Login Service...
         Starting Pollinate to seed the pseudo random number generator...
[[0;32m  OK  [0m] Started Deferred execution scheduler.
[   19.634658] cloud-init[666]: |       +.o..     |
[   19.635799] cloud-init[666]: |    . o + O      |
[   19.637319] cloud-init[666]: |   o   . @ o     |
[   19.638617] cloud-init[666]: |E o + +.= * o    |
[   19.639940] cloud-init[666]: | . + B.BS+ + .   |
[   19.644906] cloud-init[666]: |  . . =oo . .    |
[   19.648804] cloud-init[666]: |      oo+.       |
[   19.650809] cloud-init[[0;32m  OK  [0m] Started irqbalance daemon.
[666]: |     .o=+o..     |
         Starting System Logging Service...
         Starting Accounts Service...
[   19.666659] cloud-init[666]: |     .o+++o      |
[   19.677162] cloud-init[666]: +----[SHA256]-----+
[   19.679109] cloud-init[666]: Generating public/private ed25519 key pair.
[   19.696693] cloud-init[666]: Your identification has been saved in /etc/ssh/ssh_host_ed25519_key.
[   19.698352] cloud-init[666]: Your public key has been saved in /etc/ssh/ssh_host_ed25519_key.pub.
[   19.701334] cloud-init[666]: The key fingerprint is:
[   19.707615] cloud-init[666]: SHA256:sHQWsP82pOPBA5D2Q0SjfRjDNL4FYRJlltGBp+ZUJcg root@ubuntu-bionic
[   19.715572] cloud-init[666]: The key's randomart image is:
[   19.721495] cloud-init[666]: +--[ED25519 256]--+
[   19.724126] cloud-init[666]: |    oB^O+o.      |
[   19.726406] cloud-init[666]: |     @EO+o       |
[   19.732489] cloud-init[666]: |    = O+=        |
[   19.733849] cloud-init[666]: |   . =+X         |
[   19.736736] cloud-init[666]: |     +* S .      |
[   19.739058] cloud-init[666]: |      .+ +       |
[   19.740637] cloud-init[666]: |        * +      |
[   19.743016] cloud-init[666]: |       . = .     |
[   19.744952] cloud-init[666]: |        .        |
[   19.750136] cloud-init[666]: +----[SHA256]-----+
[[0;32m  OK  [0m] Started Regular background program processing daemon.
         Starting Permit User Sessions...
[[0;32m  OK  [0m] Started D-Bus System Message Bus.
[[0;32m  OK  [0m] Started Login Service.
[[0;32m  OK  [0m] Started Unattended Upgrades Shutdown.
         Starting LSB: Record successful boot for GRUB...
[[0;32m  OK  [0m] Started FUSE filesystem for LXC.
         Starting Snap Daemon...
         Starting LXD - container startup/shutdown...
[[0;32m  OK  [0m] Started System Logging Service.
[[0;32m  OK  [0m] Started Permit User Sessions.
         Starting Terminate Plymouth Boot Screen...
         Starting Hold until boot process finishes up...
[[0;32m  OK  [0m] Started Hold until boot process finishes up.
         Starting Set console scheme...
[[0;32m  OK  [0m] Started Serial Getty on ttyS0.
[[0;32m  OK  [0m] Started Terminate Plymouth Boot Screen.
[[0;32m  OK  [0m] Started Set console scheme.
[[0;32m  OK  [0m] Created slice system-getty.slice.
[[0;32m  OK  [0m] Started Getty on tty1.
[[0;32m  OK  [0m] Reached target Login Prompts.
         Starting Authorization Manager...
[[0;32m  OK  [0m] Started LSB: automatic crash report generation.
[[0;32m  OK  [0m] Started LSB: Record successful boot for GRUB.
[[0;32m  OK  [0m] Started Authorization Manager.
[[0;32m  OK  [0m] Started Accounts Service.
[[0;32m  OK  [0m] Started Virtualbox guest utils.
[[0;32m  OK  [0m] Started Dispatcher daemon for systemd-networkd.
[[0;32m  OK  [0m] Started LXD - container startup/shutdown.
[[0;32m  OK  [0m] Started Snap Daemon.
         Starting Wait until snapd is fully seeded...
[[0;32m  OK  [0m] Started Pollinate to seed the pseudo random number generator.
         Starting OpenBSD Secure Shell server...
[[0;32m  OK  [0m] Started OpenBSD Secure Shell server.
[[0;32m  OK  [0m] Created slice User Slice of vagrant.
[[0;32m  OK  [0m] Started Session 1 of user vagrant.
         Starting User Manager for UID 1000...
[[0;32m  OK  [0m] Started User Manager for UID 1000.

Ubuntu 18.04.5 LTS ubuntu-bionic ttyS0

ubuntu-bionic login: [   34.330453] cloud-init[1676]: Cloud-init v. 20.2-45-g5f7825e2-0ubuntu1~18.04.1 running 'modules:config' at Thu, 24 Sep 2020 18:12:20 +0000. Up 32.75 seconds.
ci-info: no authorized SSH keys fingerprints found for user ubuntu.
<14>Sep 24 18:12:22 ec2: 
<14>Sep 24 18:12:22 ec2: #############################################################
<14>Sep 24 18:12:22 ec2: -----BEGIN SSH HOST KEY FINGERPRINTS-----
<14>Sep 24 18:12:22 ec2: 1024 SHA256:d8C7DbFuc6IZUTKHT48IOmBlvPyTgNPmlFrdGMeLjxY root@ubuntu-bionic (DSA)
<14>Sep 24 18:12:22 ec2: 256 SHA256:+IbfaQI7nnRrawUKN1+9cKJUHsEm82QGjPkmzrCwRSo root@ubuntu-bionic (ECDSA)
<14>Sep 24 18:12:22 ec2: 256 SHA256:sHQWsP82pOPBA5D2Q0SjfRjDNL4FYRJlltGBp+ZUJcg root@ubuntu-bionic (ED25519)
<14>Sep 24 18:12:22 ec2: 2048 SHA256:TEAVWQoGnUKmVB3Cx5xh9IM6UfYcF06EU4C0JYege4s root@ubuntu-bionic (RSA)
<14>Sep 24 18:12:22 ec2: -----END SSH HOST KEY FINGERPRINTS-----
<14>Sep 24 18:12:22 ec2: #############################################################
-----BEGIN SSH HOST KEY KEYS-----
ecdsa-sha2-nistp256 AAAAE2VjZHNhLXNoYTItbmlzdHAyNTYAAAAIbmlzdHAyNTYAAABBBBZ53f00zsxp3AuHeGK1tdru9ZbzaVfeMuGOIUscI0mmqcMyEjxs7LQuameWsLW1orlsP2vUF81CnHHquRYbLMc= root@ubuntu-bionic
ssh-ed25519 AAAAC3NzaC1lZDI1NTE5AAAAIIcj25P/vl+rPF3dCXwSodkEr06LD4EuLdsSGq+P2pxy root@ubuntu-bionic
ssh-rsa AAAAB3NzaC1yc2EAAAADAQABAAABAQDXzxlH+fQMAQVmtECU+Z1GwNn0MOwvqtuxCKqPR7Ma/ElvrWuqD9VOiswfbWzC1CSFL0KWr4o1BDFR/Qwzxup6h8XkVSgWXCXmaM53mCnz+GGTp0b+XZH9oef7c8pJYPVL60HrCdHm1FrSkDtAOI9HZIHluo/JCMeRmg0q+8aXhyS096QiLcpDwwN+XMkVGhbbD0frxjMmRFchs6ePtcHeeEaljEJ2Nw8sftqQk3dz+lmjf41TbhA+tzMt6YXM6U0fkpWizAHs3Y4Fxx2VCDtKy1MiPXK7VpuW1r+SFTmJJmFGX0PpmqtYAmYuMbrm236TsXXMuWI0itv5PgywPaXX root@ubuntu-bionic
-----END SSH HOST KEY KEYS-----
[   35.263341] cloud-init[1881]: Cloud-init v. 20.2-45-g5f7825e2-0ubuntu1~18.04.1 running 'modules:final' at Thu, 24 Sep 2020 18:12:22 +0000. Up 34.96 seconds.
[   35.265069] cloud-init[1881]: ci-info: no authorized SSH keys fingerprints found for user ubuntu.
[   35.266132] cloud-init[1881]: Cloud-init v. 20.2-45-g5f7825e2-0ubuntu1~18.04.1 finished at Thu, 24 Sep 2020 18:12:23 +0000. Datasource DataSourceNoCloud [seed=/dev/sdb][dsmode=net].  Up 35.25 seconds
